Performing C++ SOURCE FILE Test CMAKE_HAVE_LIBC_PTHREAD failed with the following output:
Change Dir: C:/Users/wbari/Documents/GitHub/softwareproject/code/Staging_Environment/SP23/code/build-SP23-Desktop_Qt_6_6_0_MSVC2019_64bit-Debug/CMakeFiles/CMakeTmp

Run Build Command(s):C:/PROGRA~1/MIB055~1/2022/COMMUN~1/Common7/IDE/COMMON~1/MICROS~1/CMake/Ninja/ninja.exe cmTC_d39e0 && [1/2] Building CXX object CMakeFiles\cmTC_d39e0.dir\src.cxx.obj
FAILED: CMakeFiles/cmTC_d39e0.dir/src.cxx.obj 
C:\PROGRA~1\MIB055~1\2022\COMMUN~1\VC\Tools\MSVC\1437~1.328\bin\HostX64\x64\cl.exe  /nologo /TP -DCMAKE_HAVE_LIBC_PTHREAD  -DQT_QML_DEBUG /DWIN32 /D_WINDOWS /W3 /GR /EHsc  /MDd /Zi /Ob0 /Od /RTC1 -std:c++17 /showIncludes /FoCMakeFiles\cmTC_d39e0.dir\src.cxx.obj /FdCMakeFiles\cmTC_d39e0.dir\ /FS -c C:\Users\wbari\Documents\GitHub\softwareproject\code\Staging_Environment\SP23\code\build-SP23-Desktop_Qt_6_6_0_MSVC2019_64bit-Debug\CMakeFiles\CMakeTmp\src.cxx
C:\Users\wbari\Documents\GitHub\softwareproject\code\Staging_Environment\SP23\code\build-SP23-Desktop_Qt_6_6_0_MSVC2019_64bit-Debug\CMakeFiles\CMakeTmp\src.cxx(1): fatal error C1083: Cannot open include file: 'pthread.h': No such file or directory
ninja: build stopped: subcommand failed.


Source file was:
#include <pthread.h>

static void* test_func(void* data)
{
  return data;
}

int main(void)
{
  pthread_t thread;
  pthread_create(&thread, NULL, test_func, NULL);
  pthread_detach(thread);
  pthread_cancel(thread);
  pthread_join(thread, NULL);
  pthread_atfork(NULL, NULL, NULL);
  pthread_exit(NULL);

  return 0;
}

Determining if the function pthread_create exists in the pthreads failed with the following output:
Change Dir: C:/Users/wbari/Documents/GitHub/softwareproject/code/Staging_Environment/SP23/code/build-SP23-Desktop_Qt_6_6_0_MSVC2019_64bit-Debug/CMakeFiles/CMakeTmp

Run Build Command(s):C:/PROGRA~1/MIB055~1/2022/COMMUN~1/Common7/IDE/COMMON~1/MICROS~1/CMake/Ninja/ninja.exe cmTC_2d3f3 && [1/2] Building CXX object CMakeFiles\cmTC_2d3f3.dir\CheckFunctionExists.cxx.obj
[2/2] Linking CXX executable cmTC_2d3f3.exe
FAILED: cmTC_2d3f3.exe 
cmd.exe /C "cd . && C:\Qt\Tools\CMake_64\bin\cmake.exe -E vs_link_exe --intdir=CMakeFiles\cmTC_2d3f3.dir --rc=C:\PROGRA~2\WI3CF2~1\10\bin\100226~1.0\x64\rc.exe --mt=C:\PROGRA~2\WI3CF2~1\10\bin\100226~1.0\x64\mt.exe --manifests  -- C:\PROGRA~1\MIB055~1\2022\COMMUN~1\VC\Tools\MSVC\1437~1.328\bin\Hostx64\x64\link.exe /nologo CMakeFiles\cmTC_2d3f3.dir\CheckFunctionExists.cxx.obj  /out:cmTC_2d3f3.exe /implib:cmTC_2d3f3.lib /pdb:cmTC_2d3f3.pdb /version:0.0 /machine:x64  /debug /INCREMENTAL /subsystem:console  pthreads.lib  kernel32.lib user32.lib gdi32.lib winspool.lib shell32.lib ole32.lib oleaut32.lib uuid.lib comdlg32.lib advapi32.lib && cd ."
LINK Pass 1: command "C:\PROGRA~1\MIB055~1\2022\COMMUN~1\VC\Tools\MSVC\1437~1.328\bin\Hostx64\x64\link.exe /nologo CMakeFiles\cmTC_2d3f3.dir\CheckFunctionExists.cxx.obj /out:cmTC_2d3f3.exe /implib:cmTC_2d3f3.lib /pdb:cmTC_2d3f3.pdb /version:0.0 /machine:x64 /debug /INCREMENTAL /subsystem:console pthreads.lib kernel32.lib user32.lib gdi32.lib winspool.lib shell32.lib ole32.lib oleaut32.lib uuid.lib comdlg32.lib advapi32.lib /MANIFEST /MANIFESTFILE:CMakeFiles\cmTC_2d3f3.dir/intermediate.manifest CMakeFiles\cmTC_2d3f3.dir/manifest.res" failed (exit code 1104) with the following output:
LINK : fatal error LNK1104: cannot open file 'pthreads.lib'
ninja: build stopped: subcommand failed.



Determining if the function pthread_create exists in the pthread failed with the following output:
Change Dir: C:/Users/wbari/Documents/GitHub/softwareproject/code/Staging_Environment/SP23/code/build-SP23-Desktop_Qt_6_6_0_MSVC2019_64bit-Debug/CMakeFiles/CMakeTmp

Run Build Command(s):C:/PROGRA~1/MIB055~1/2022/COMMUN~1/Common7/IDE/COMMON~1/MICROS~1/CMake/Ninja/ninja.exe cmTC_bd8a9 && [1/2] Building CXX object CMakeFiles\cmTC_bd8a9.dir\CheckFunctionExists.cxx.obj
[2/2] Linking CXX executable cmTC_bd8a9.exe
FAILED: cmTC_bd8a9.exe 
cmd.exe /C "cd . && C:\Qt\Tools\CMake_64\bin\cmake.exe -E vs_link_exe --intdir=CMakeFiles\cmTC_bd8a9.dir --rc=C:\PROGRA~2\WI3CF2~1\10\bin\100226~1.0\x64\rc.exe --mt=C:\PROGRA~2\WI3CF2~1\10\bin\100226~1.0\x64\mt.exe --manifests  -- C:\PROGRA~1\MIB055~1\2022\COMMUN~1\VC\Tools\MSVC\1437~1.328\bin\Hostx64\x64\link.exe /nologo CMakeFiles\cmTC_bd8a9.dir\CheckFunctionExists.cxx.obj  /out:cmTC_bd8a9.exe /implib:cmTC_bd8a9.lib /pdb:cmTC_bd8a9.pdb /version:0.0 /machine:x64  /debug /INCREMENTAL /subsystem:console  pthread.lib  kernel32.lib user32.lib gdi32.lib winspool.lib shell32.lib ole32.lib oleaut32.lib uuid.lib comdlg32.lib advapi32.lib && cd ."
LINK Pass 1: command "C:\PROGRA~1\MIB055~1\2022\COMMUN~1\VC\Tools\MSVC\1437~1.328\bin\Hostx64\x64\link.exe /nologo CMakeFiles\cmTC_bd8a9.dir\CheckFunctionExists.cxx.obj /out:cmTC_bd8a9.exe /implib:cmTC_bd8a9.lib /pdb:cmTC_bd8a9.pdb /version:0.0 /machine:x64 /debug /INCREMENTAL /subsystem:console pthread.lib kernel32.lib user32.lib gdi32.lib winspool.lib shell32.lib ole32.lib oleaut32.lib uuid.lib comdlg32.lib advapi32.lib /MANIFEST /MANIFESTFILE:CMakeFiles\cmTC_bd8a9.dir/intermediate.manifest CMakeFiles\cmTC_bd8a9.dir/manifest.res" failed (exit code 1104) with the following output:
LINK : fatal error LNK1104: cannot open file 'pthread.lib'
ninja: build stopped: subcommand failed.



